<?xml version="1.0" encoding="UTF-8"?>
<testsuite name="ru.otus.bank.service.impl.AgreementServiceImplTest" tests="2" skipped="0" failures="0" errors="0" timestamp="2024-03-16T12:21:02" hostname="MacBook-Air.local" time="0.006">
  <properties/>
  <testcase name="testFindByName()" classname="ru.otus.bank.service.impl.AgreementServiceImplTest" time="0.004"/>
  <testcase name="testFindByNameWithCaptor()" classname="ru.otus.bank.service.impl.AgreementServiceImplTest" time="0.002"/>
  <system-out><![CDATA[]]></system-out>
  <system-err><![CDATA[]]></system-err>
</testsuite>
